<?xml version="1.0" encoding="UTF-8"?>
<!-- Generated by org.testng.reporters.JUnitXMLReporter -->
<testsuite ignored="0" hostname="LAPTOP-GL8L4ET8" failures="0" tests="3" name="ChromeTest" time="12.334" errors="0" timestamp="2024-11-08T11:31:05 IST">
  <testcase classname="com.Epsondoms.WelcomeTest.VerifyWelcomePageTest" name="verifyWelcomepageWithValidInput" time="3.35"/>
  <testcase classname="com.Epsondoms.WelcomeTest.VerifyWelcomePageTest" name="verifyWelcomepageWithInValidInput" time="3.22"/>
  <testcase classname="com.Epsondoms.WelcomeTest.VerifyWelcomePageTest" name="verifyWelcomepageWithInValidInput" time="3.278"/>
</testsuite> <!-- ChromeTest -->
