<?xml version="1.0" encoding="UTF-8"?>
<testng-results ignored="0" total="3" passed="3" failed="0" skipped="0">
  <reporter-output>
    <line>
      <![CDATA[Step1: Successully launched]]>
    </line>
    <line>
      <![CDATA[Step1: Launch the Browser Success]]>
    </line>
    <line>
      <![CDATA[Step1.1:Maximized Browser Sucess]]>
    </line>
    <line>
      <![CDATA[Step2: Navigating the Application via URL Success]]>
    </line>
    <line>
      <![CDATA[Step10: Close the Browser Success]]>
    </line>
  </reporter-output>
  <suite started-at="2024-11-08T11:30:52 IST" name="Functionality" finished-at="2024-11-08T11:31:05 IST" duration-ms="12334">
    <groups>
    </groups>
    <test started-at="2024-11-08T11:30:52 IST" name="ChromeTest" finished-at="2024-11-08T11:31:05 IST" duration-ms="12334">
      <class name="com.Epsondoms.WelcomeTest.VerifyWelcomePageTest">
        <test-method is-config="true" signature="suiteSetup()[pri:0, instance:com.Epsondoms.WelcomeTest.VerifyWelcomePageTest@48f2bd5b]" started-at="2024-11-08T11:30:52 IST" name="suiteSetup" finished-at="2024-11-08T11:30:52 IST" duration-ms="219" status="PASS">
          <reporter-output>
          </reporter-output>
        </test-method> <!-- suiteSetup -->
        <test-method is-config="true" signature="browserSetup(java.lang.String,java.lang.String)[pri:0, instance:com.Epsondoms.WelcomeTest.VerifyWelcomePageTest@48f2bd5b]" started-at="2024-11-08T11:30:53 IST" name="browserSetup" finished-at="2024-11-08T11:30:55 IST" duration-ms="2081" status="PASS">
          <params>
            <param index="0">
              <value>
                <![CDATA[chrome]]>
              </value>
            </param>
            <param index="1">
              <value>
                <![CDATA[file:///C:/Users/rehana23/Desktop/ProjectAutomation/PracticeSelenium/com.Epsondoms/src/main/resources/Softwares/webpage.html]]>
              </value>
            </param>
          </params>
          <reporter-output>
            <line>
              <![CDATA[Step1: Successully launched]]>
            </line>
            <line>
              <![CDATA[Step1: Launch the Browser Success]]>
            </line>
            <line>
              <![CDATA[Step1.1:Maximized Browser Sucess]]>
            </line>
            <line>
              <![CDATA[Step2: Navigating the Application via URL Success]]>
            </line>
          </reporter-output>
        </test-method> <!-- browserSetup -->
        <test-method signature="verifyWelcomepageWithValidInput()[pri:1, instance:com.Epsondoms.WelcomeTest.VerifyWelcomePageTest@48f2bd5b]" started-at="2024-11-08T11:30:55 IST" name="verifyWelcomepageWithValidInput" finished-at="2024-11-08T11:30:58 IST" duration-ms="3350" status="PASS">
          <reporter-output>
          </reporter-output>
        </test-method> <!-- verifyWelcomepageWithValidInput -->
        <test-method signature="verifyWelcomepageWithInValidInput()[pri:2, instance:com.Epsondoms.WelcomeTest.VerifyWelcomePageTest@48f2bd5b]" started-at="2024-11-08T11:30:58 IST" name="verifyWelcomepageWithInValidInput" finished-at="2024-11-08T11:31:01 IST" depends-on-methods="com.Epsondoms.WelcomeTest.VerifyWelcomePageTest.verifyWelcomepageWithValidInput" duration-ms="3220" status="PASS">
          <reporter-output>
          </reporter-output>
        </test-method> <!-- verifyWelcomepageWithInValidInput -->
        <test-method signature="verifyWelcomepageWithInValidInput()[pri:2, instance:com.Epsondoms.WelcomeTest.VerifyWelcomePageTest@48f2bd5b]" started-at="2024-11-08T11:31:01 IST" name="verifyWelcomepageWithInValidInput" finished-at="2024-11-08T11:31:04 IST" depends-on-methods="com.Epsondoms.WelcomeTest.VerifyWelcomePageTest.verifyWelcomepageWithValidInput" duration-ms="3278" status="PASS">
          <reporter-output>
          </reporter-output>
        </test-method> <!-- verifyWelcomepageWithInValidInput -->
        <test-method is-config="true" signature="browserTermination()[pri:0, instance:com.Epsondoms.WelcomeTest.VerifyWelcomePageTest@48f2bd5b]" started-at="2024-11-08T11:31:04 IST" name="browserTermination" finished-at="2024-11-08T11:31:05 IST" duration-ms="362" status="PASS">
          <reporter-output>
            <line>
              <![CDATA[Step10: Close the Browser Success]]>
            </line>
          </reporter-output>
        </test-method> <!-- browserTermination -->
        <test-method is-config="true" signature="suiteTerminateSetup()[pri:0, instance:com.Epsondoms.WelcomeTest.VerifyWelcomePageTest@48f2bd5b]" started-at="2024-11-08T11:31:05 IST" name="suiteTerminateSetup" finished-at="2024-11-08T11:31:06 IST" duration-ms="943" status="PASS">
          <reporter-output>
          </reporter-output>
        </test-method> <!-- suiteTerminateSetup -->
      </class> <!-- com.Epsondoms.WelcomeTest.VerifyWelcomePageTest -->
    </test> <!-- ChromeTest -->
  </suite> <!-- Functionality -->
</testng-results>
