<?xml version="1.0" encoding="UTF-8"?>
<!-- Generated by org.testng.reporters.JUnitXMLReporter -->
<testsuite ignored="0" hostname="LAPTOP-GL8L4ET8" failures="0" tests="5" name="Default test" time="0.556" errors="0" timestamp="2024-11-05T09:29:55 IST">
  <testcase classname="Demo.DemoTest" name="DemoTesting1" time="0.494"/>
  <testcase classname="Demo.DemoTest" name="DemoTesting2" time="0.002"/>
  <testcase classname="Demo.DemoTest" name="DemoTesting3" time="0.002"/>
  <testcase classname="Demo.DemoTest" name="DemoTesting4" time="0.001"/>
  <testcase classname="Demo.DemoTest" name="DemoTesting5" time="0.001"/>
</testsuite> <!-- Default test -->
